<?xml version="1.0" encoding="UTF-8"?>
<!-- Generated by org.testng.reporters.JUnitXMLReporter -->
<testsuite ignored="6" hostname="LTIN226787" failures="0" tests="8" name="ChromeTest" time="151.324" errors="0" timestamp="2024-02-07T11:51:57 IST">
  <testcase classname="TestCase.TC01_HomePage" name="homepage" time="16.126"/>
  <testcase classname="TestCase.TC02_UpcomingBikes" name="ManufacturerDrpDown" time="17.035"/>
  <testcase classname="TestCase.TC02_UpcomingBikes" name="bikeDetails" time="30.058"/>
  <testcase classname="TestCase.TC03_UsedCars" name="hoverOnUsedCars" time="4.378"/>
  <testcase classname="TestCase.TC03_UsedCars" name="location" time="11.32"/>
  <testcase classname="TestCase.TC03_UsedCars" name="brandAvailable" time="21.593"/>
  <testcase classname="TestCase.TC04_LoginPage" name="LoginPageInHome" time="15.246"/>
  <testcase classname="TestCase.TC04_LoginPage" name="errorMessage" time="1.241"/>
  <testcase classname="TestBase.BaseClass" name="@BeforeTest setUpEnvi" time="0.0">
    <ignored/>
  </testcase> <!-- @BeforeTest setUpEnvi -->
  <testcase classname="TestBase.BaseClass" name="@BeforeTest setUpEnvi" time="0.0">
    <ignored/>
  </testcase> <!-- @BeforeTest setUpEnvi -->
  <testcase classname="TestBase.BaseClass" name="@BeforeTest setUpEnvi" time="0.0">
    <ignored/>
  </testcase> <!-- @BeforeTest setUpEnvi -->
  <testcase classname="TestBase.BaseClass" name="@AfterTest tearDown" time="0.0">
    <ignored/>
  </testcase> <!-- @AfterTest tearDown -->
  <testcase classname="TestBase.BaseClass" name="@AfterTest tearDown" time="0.0">
    <ignored/>
  </testcase> <!-- @AfterTest tearDown -->
  <testcase classname="TestBase.BaseClass" name="@AfterTest tearDown" time="0.0">
    <ignored/>
  </testcase> <!-- @AfterTest tearDown -->
</testsuite> <!-- ChromeTest -->
