<?xml version="1.0" encoding="UTF-8"?>
<!-- Generated by org.testng.reporters.JUnitXMLReporter -->
<testsuite ignored="6" hostname="LTIN226787" failures="0" tests="8" name="EdgeTest" time="138.702" errors="0" timestamp="2024-02-07T11:54:21 IST">
  <testcase classname="TestCase.TC01_HomePage" name="homepage" time="14.517"/>
  <testcase classname="TestCase.TC02_UpcomingBikes" name="ManufacturerDrpDown" time="0.609"/>
  <testcase classname="TestCase.TC02_UpcomingBikes" name="bikeDetails" time="28.644"/>
  <testcase classname="TestCase.TC03_UsedCars" name="hoverOnUsedCars" time="4.345"/>
  <testcase classname="TestCase.TC03_UsedCars" name="location" time="11.982"/>
  <testcase classname="TestCase.TC03_UsedCars" name="brandAvailable" time="20.984"/>
  <testcase classname="TestCase.TC04_LoginPage" name="LoginPageInHome" time="11.313"/>
  <testcase classname="TestCase.TC04_LoginPage" name="errorMessage" time="1.442"/>
  <testcase classname="TestBase.BaseClass" name="@BeforeTest setUpEnvi" time="0.0">
    <ignored/>
  </testcase> <!-- @BeforeTest setUpEnvi -->
  <testcase classname="TestBase.BaseClass" name="@BeforeTest setUpEnvi" time="0.0">
    <ignored/>
  </testcase> <!-- @BeforeTest setUpEnvi -->
  <testcase classname="TestBase.BaseClass" name="@BeforeTest setUpEnvi" time="0.0">
    <ignored/>
  </testcase> <!-- @BeforeTest setUpEnvi -->
  <testcase classname="TestBase.BaseClass" name="@AfterTest tearDown" time="0.0">
    <ignored/>
  </testcase> <!-- @AfterTest tearDown -->
  <testcase classname="TestBase.BaseClass" name="@AfterTest tearDown" time="0.0">
    <ignored/>
  </testcase> <!-- @AfterTest tearDown -->
  <testcase classname="TestBase.BaseClass" name="@AfterTest tearDown" time="0.0">
    <ignored/>
  </testcase> <!-- @AfterTest tearDown -->
</testsuite> <!-- EdgeTest -->
