<?xml version="1.0" encoding="UTF-8"?>
<!-- Generated by org.testng.reporters.JUnitXMLReporter -->
<testsuite ignored="6" hostname="LTIN217825" failures="0" tests="8" name="Test" time="126.588" errors="0" timestamp="2024-02-14T10:44:01 IST">
  <testcase classname="TestCase.TC01_HomePage" name="homepage" time="19.882"/>
  <testcase classname="TestCase.TC02_UpcomingBikes" name="ManufacturerDrpDown" time="18.029"/>
  <testcase classname="TestCase.TC02_UpcomingBikes" name="bikeDetails" time="33.95"/>
  <testcase classname="TestCase.TC03_UsedCars" name="hoverOnUsedCars" time="2.574"/>
  <testcase classname="TestCase.TC03_UsedCars" name="location" time="4.809"/>
  <testcase classname="TestCase.TC03_UsedCars" name="brandAvailable" time="5.797"/>
  <testcase classname="TestCase.TC04_LoginPage" name="LoginPageInHome" time="4.804"/>
  <testcase classname="TestCase.TC04_LoginPage" name="errorMessage" time="1.842"/>
  <testcase classname="TestBase.BaseClass" name="@BeforeTest setUpEnvi" time="0.0">
    <ignored/>
  </testcase> <!-- @BeforeTest setUpEnvi -->
  <testcase classname="TestBase.BaseClass" name="@BeforeTest setUpEnvi" time="0.0">
    <ignored/>
  </testcase> <!-- @BeforeTest setUpEnvi -->
  <testcase classname="TestBase.BaseClass" name="@BeforeTest setUpEnvi" time="0.0">
    <ignored/>
  </testcase> <!-- @BeforeTest setUpEnvi -->
  <testcase classname="TestBase.BaseClass" name="@AfterTest tearDown" time="0.0">
    <ignored/>
  </testcase> <!-- @AfterTest tearDown -->
  <testcase classname="TestBase.BaseClass" name="@AfterTest tearDown" time="0.0">
    <ignored/>
  </testcase> <!-- @AfterTest tearDown -->
  <testcase classname="TestBase.BaseClass" name="@AfterTest tearDown" time="0.0">
    <ignored/>
  </testcase> <!-- @AfterTest tearDown -->
</testsuite> <!-- Test -->
