<?xml version="1.0" encoding="UTF-8"?>
<!-- Generated by org.testng.reporters.JUnitXMLReporter -->
<testsuite ignored="6" hostname="LTIN217825" failures="0" tests="8" name="Test" time="227.894" errors="0" timestamp="2024-02-12T12:59:12 IST">
  <testcase classname="TestCase.TC01_HomePage" name="homepage" time="38.292"/>
  <testcase classname="TestCase.TC02_UpcomingBikes" name="ManufacturerDrpDown" time="21.787"/>
  <testcase classname="TestCase.TC02_UpcomingBikes" name="bikeDetails" time="37.971"/>
  <testcase classname="TestCase.TC03_UsedCars" name="hoverOnUsedCars" time="2.69"/>
  <testcase classname="TestCase.TC03_UsedCars" name="location" time="33.898"/>
  <testcase classname="TestCase.TC03_UsedCars" name="brandAvailable" time="7.357"/>
  <testcase classname="TestCase.TC04_LoginPage" name="LoginPageInHome" time="6.741"/>
  <testcase classname="TestCase.TC04_LoginPage" name="errorMessage" time="2.43"/>
  <testcase classname="TestBase.BaseClass" name="@AfterTest tearDown" time="0.0">
    <ignored/>
  </testcase> <!-- @AfterTest tearDown -->
  <testcase classname="TestBase.BaseClass" name="@BeforeTest setUpEnvi" time="0.0">
    <ignored/>
  </testcase> <!-- @BeforeTest setUpEnvi -->
  <testcase classname="TestBase.BaseClass" name="@AfterTest tearDown" time="0.0">
    <ignored/>
  </testcase> <!-- @AfterTest tearDown -->
  <testcase classname="TestBase.BaseClass" name="@AfterTest tearDown" time="0.0">
    <ignored/>
  </testcase> <!-- @AfterTest tearDown -->
  <testcase classname="TestBase.BaseClass" name="@BeforeTest setUpEnvi" time="0.0">
    <ignored/>
  </testcase> <!-- @BeforeTest setUpEnvi -->
  <testcase classname="TestBase.BaseClass" name="@BeforeTest setUpEnvi" time="0.0">
    <ignored/>
  </testcase> <!-- @BeforeTest setUpEnvi -->
</testsuite> <!-- Test -->
