<?xml version="1.0" encoding="UTF-8"?>
<testng-results ignored="0" total="8" passed="8" failed="0" skipped="0">
  <reporter-output>
  </reporter-output>
  <suite started-at="2024-02-14T10:41:43 IST" name="Suite" finished-at="2024-02-14T10:43:50 IST" duration-ms="126588">
    <groups>
      <group name="regression">
        <method signature="TC02_UpcomingBikes.ManufacturerDrpDown()[pri:2, instance:TestCase.TC02_UpcomingBikes@268f106e]" name="ManufacturerDrpDown" class="TestCase.TC02_UpcomingBikes"/>
        <method signature="TC02_UpcomingBikes.bikeDetails()[pri:3, instance:TestCase.TC02_UpcomingBikes@268f106e]" name="bikeDetails" class="TestCase.TC02_UpcomingBikes"/>
        <method signature="TC03_UsedCars.hoverOnUsedCars()[pri:4, instance:TestCase.TC03_UsedCars@6e9a5ed8]" name="hoverOnUsedCars" class="TestCase.TC03_UsedCars"/>
        <method signature="TC03_UsedCars.location()[pri:5, instance:TestCase.TC03_UsedCars@6e9a5ed8]" name="location" class="TestCase.TC03_UsedCars"/>
        <method signature="TC03_UsedCars.brandAvailable()[pri:6, instance:TestCase.TC03_UsedCars@6e9a5ed8]" name="brandAvailable" class="TestCase.TC03_UsedCars"/>
        <method signature="TC04_LoginPage.errorMessage()[pri:9, instance:TestCase.TC04_LoginPage@7e057f43]" name="errorMessage" class="TestCase.TC04_LoginPage"/>
      </group> <!-- regression -->
      <group name="sanity">
        <method signature="TC04_LoginPage.LoginPageInHome()[pri:8, instance:TestCase.TC04_LoginPage@7e057f43]" name="LoginPageInHome" class="TestCase.TC04_LoginPage"/>
        <method signature="TC01_HomePage.homepage()[pri:1, instance:TestCase.TC01_HomePage@6fa51cd4]" name="homepage" class="TestCase.TC01_HomePage"/>
      </group> <!-- sanity -->
    </groups>
    <test started-at="2024-02-14T10:41:43 IST" name="Test" finished-at="2024-02-14T10:43:50 IST" duration-ms="126588">
      <class name="TestCase.TC03_UsedCars">
        <test-method signature="hoverOnUsedCars()[pri:4, instance:TestCase.TC03_UsedCars@6e9a5ed8]" started-at="2024-02-14T10:43:26 IST" name="hoverOnUsedCars" finished-at="2024-02-14T10:43:28 IST" duration-ms="2574" status="PASS">
          <reporter-output>
          </reporter-output>
        </test-method> <!-- hoverOnUsedCars -->
        <test-method signature="location()[pri:5, instance:TestCase.TC03_UsedCars@6e9a5ed8]" started-at="2024-02-14T10:43:29 IST" name="location" finished-at="2024-02-14T10:43:33 IST" depends-on-methods="TestCase.TC03_UsedCars.hoverOnUsedCars" duration-ms="4809" status="PASS">
          <reporter-output>
          </reporter-output>
        </test-method> <!-- location -->
        <test-method signature="brandAvailable()[pri:6, instance:TestCase.TC03_UsedCars@6e9a5ed8]" started-at="2024-02-14T10:43:34 IST" name="brandAvailable" finished-at="2024-02-14T10:43:40 IST" depends-on-methods="TestCase.TC03_UsedCars.hoverOnUsedCars, TestCase.TC03_UsedCars.location" duration-ms="5797" status="PASS">
          <reporter-output>
          </reporter-output>
        </test-method> <!-- brandAvailable -->
      </class> <!-- TestCase.TC03_UsedCars -->
      <class name="TestCase.TC02_UpcomingBikes">
        <test-method signature="ManufacturerDrpDown()[pri:2, instance:TestCase.TC02_UpcomingBikes@268f106e]" started-at="2024-02-14T10:42:33 IST" name="ManufacturerDrpDown" finished-at="2024-02-14T10:42:51 IST" duration-ms="18029" status="PASS">
          <reporter-output>
          </reporter-output>
        </test-method> <!-- ManufacturerDrpDown -->
        <test-method signature="bikeDetails()[pri:3, instance:TestCase.TC02_UpcomingBikes@268f106e]" started-at="2024-02-14T10:42:51 IST" name="bikeDetails" finished-at="2024-02-14T10:43:25 IST" depends-on-methods="TestCase.TC02_UpcomingBikes.ManufacturerDrpDown" duration-ms="33950" status="PASS">
          <reporter-output>
          </reporter-output>
        </test-method> <!-- bikeDetails -->
      </class> <!-- TestCase.TC02_UpcomingBikes -->
      <class name="TestCase.TC04_LoginPage">
        <test-method signature="LoginPageInHome()[pri:8, instance:TestCase.TC04_LoginPage@7e057f43]" started-at="2024-02-14T10:43:41 IST" name="LoginPageInHome" finished-at="2024-02-14T10:43:46 IST" duration-ms="4804" status="PASS">
          <reporter-output>
          </reporter-output>
        </test-method> <!-- LoginPageInHome -->
        <test-method signature="errorMessage()[pri:9, instance:TestCase.TC04_LoginPage@7e057f43]" started-at="2024-02-14T10:43:46 IST" name="errorMessage" finished-at="2024-02-14T10:43:48 IST" depends-on-methods="TestCase.TC04_LoginPage.LoginPageInHome" duration-ms="1842" status="PASS">
          <reporter-output>
          </reporter-output>
        </test-method> <!-- errorMessage -->
      </class> <!-- TestCase.TC04_LoginPage -->
      <class name="TestCase.TC01_HomePage">
        <test-method is-config="true" signature="setUpEnvi(java.lang.String)[pri:0, instance:TestCase.TC01_HomePage@6fa51cd4]" started-at="2024-02-14T10:41:44 IST" name="setUpEnvi" finished-at="2024-02-14T10:42:12 IST" duration-ms="28097" status="PASS">
          <params>
            <param index="0">
              <value>
                <![CDATA[edge]]>
              </value>
            </param>
          </params>
          <reporter-output>
          </reporter-output>
        </test-method> <!-- setUpEnvi -->
        <test-method signature="homepage()[pri:1, instance:TestCase.TC01_HomePage@6fa51cd4]" started-at="2024-02-14T10:42:13 IST" name="homepage" finished-at="2024-02-14T10:42:32 IST" duration-ms="19882" status="PASS">
          <reporter-output>
          </reporter-output>
        </test-method> <!-- homepage -->
        <test-method is-config="true" signature="tearDown()[pri:0, instance:TestCase.TC01_HomePage@6fa51cd4]" started-at="2024-02-14T10:43:48 IST" name="tearDown" finished-at="2024-02-14T10:43:50 IST" duration-ms="1750" status="PASS">
          <reporter-output>
          </reporter-output>
        </test-method> <!-- tearDown -->
      </class> <!-- TestCase.TC01_HomePage -->
    </test> <!-- Test -->
  </suite> <!-- Suite -->
</testng-results>
